c:\users\jurst\documents\github\lorenz-attractor-vulkan\vulkangenesis\x64\debug\vc143.pdb
c:\users\jurst\documents\github\lorenz-attractor-vulkan\vulkangenesis\x64\debug\vc143.idb
c:\users\jurst\documents\github\lorenz-attractor-vulkan\vulkangenesis\x64\debug\window.obj
c:\users\jurst\documents\github\lorenz-attractor-vulkan\vulkangenesis\x64\debug\pipeline.obj
c:\users\jurst\documents\github\lorenz-attractor-vulkan\vulkangenesis\x64\debug\swap_chain.obj
c:\users\jurst\documents\github\lorenz-attractor-vulkan\vulkangenesis\x64\debug\render_system.obj
c:\users\jurst\documents\github\lorenz-attractor-vulkan\vulkangenesis\x64\debug\render_engine.obj
c:\users\jurst\documents\github\lorenz-attractor-vulkan\vulkangenesis\x64\debug\object.obj
c:\users\jurst\documents\github\lorenz-attractor-vulkan\vulkangenesis\x64\debug\model.obj
c:\users\jurst\documents\github\lorenz-attractor-vulkan\vulkangenesis\x64\debug\main.obj
c:\users\jurst\documents\github\lorenz-attractor-vulkan\vulkangenesis\x64\debug\device.obj
c:\users\jurst\documents\github\lorenz-attractor-vulkan\vulkangenesis\x64\debug\application.obj
c:\users\jurst\documents\github\lorenz-attractor-vulkan\vulkangenesis\x64\debug\camera.obj
c:\users\jurst\documents\github\lorenz-attractor-vulkan\vulkangenesis\x64\debug\user_input_controller.obj
c:\users\jurst\documents\github\lorenz-attractor-vulkan\x64\debug\vulkangenesis.exe
c:\users\jurst\documents\github\lorenz-attractor-vulkan\vulkangenesis\x64\debug\vulkangenesis.ilk
c:\users\jurst\documents\github\lorenz-attractor-vulkan\x64\debug\vulkangenesis.pdb
c:\users\jurst\documents\github\lorenz-attractor-vulkan\vulkangenesis\x64\debug\vulkangenesis.tlog\cl.command.1.tlog
c:\users\jurst\documents\github\lorenz-attractor-vulkan\vulkangenesis\x64\debug\vulkangenesis.tlog\cl.read.1.tlog
c:\users\jurst\documents\github\lorenz-attractor-vulkan\vulkangenesis\x64\debug\vulkangenesis.tlog\cl.write.1.tlog
c:\users\jurst\documents\github\lorenz-attractor-vulkan\vulkangenesis\x64\debug\vulkangenesis.tlog\link.command.1.tlog
c:\users\jurst\documents\github\lorenz-attractor-vulkan\vulkangenesis\x64\debug\vulkangenesis.tlog\link.read.1.tlog
c:\users\jurst\documents\github\lorenz-attractor-vulkan\vulkangenesis\x64\debug\vulkangenesis.tlog\link.write.1.tlog
